2025-09-24 20:43:09,204 - __main__ - INFO - 启动懂车帝Model Y车友圈问答区爬虫
2025-09-24 20:43:09,204 - WDM - INFO - ====== WebDriver manager ======
2025-09-24 20:43:09,718 - WDM - INFO - Get LATEST chromedriver version for google-chrome
2025-09-24 20:43:10,408 - WDM - INFO - Get LATEST chromedriver version for google-chrome
2025-09-24 20:43:11,184 - WDM - INFO - There is no [win64] chromedriver "140.0.7339.207" for browser google-chrome "140.0.7339" in cache
2025-09-24 20:43:11,184 - WDM - INFO - Get LATEST chromedriver version for google-chrome
2025-09-24 20:43:14,952 - WDM - INFO - WebDriver version 140.0.7339.207 selected
2025-09-24 20:43:14,954 - WDM - INFO - Modern chrome version https://storage.googleapis.com/chrome-for-testing-public/140.0.7339.207/win32/chromedriver-win32.zip
2025-09-24 20:43:14,956 - WDM - INFO - About to download new driver from https://storage.googleapis.com/chrome-for-testing-public/140.0.7339.207/win32/chromedriver-win32.zip
2025-09-24 20:43:16,918 - WDM - INFO - Driver downloading response is 200
2025-09-24 20:43:28,982 - WDM - INFO - Get LATEST chromedriver version for google-chrome
2025-09-24 20:43:29,747 - WDM - INFO - Driver has been saved in cache [C:\Users\AAA\.wdm\drivers\chromedriver\win64\140.0.7339.207]
2025-09-24 20:43:31,695 - __main__ - INFO - Chrome浏览器驱动设置完成
2025-09-24 20:43:31,695 - __main__ - INFO - 开始抓取所有页面的帖子
2025-09-24 20:43:31,695 - __main__ - INFO - 正在加载页面: https://www.dongchedi.com/community/4363/wenda
2025-09-24 20:43:49,421 - __main__ - INFO - 正在抓取第 1 页
2025-09-24 20:43:59,691 - __main__ - WARNING - 等待帖子列表加载超时，尝试从JSON数据中提取
2025-09-24 20:43:59,711 - __main__ - INFO - 从当前页面提取到 30 个帖子
2025-09-24 20:43:59,711 - __main__ - INFO - 第 1 页，第 1/30 个帖子
2025-09-24 20:43:59,711 - __main__ - INFO - 正在抓取帖子详情: 23款24年1月上牌，只行驶了1.2万公里的，Model Y,后轮驱动版，续航554KM，黑色，0出
2025-09-24 20:43:59,711 - __main__ - INFO - 正在加载页面: https://www.dongchedi.com/community/post/1843922274599940
2025-09-24 20:44:17,707 - __main__ - INFO - 成功抓取帖子，评论数: 0
2025-09-24 20:44:17,707 - __main__ - INFO - 成功保存帖子: 23款24年1月上牌，只行驶了1.2万公里的，Model Y,后轮驱动版，续航554KM，黑色，0出
2025-09-24 20:44:19,886 - __main__ - INFO - 第 1 页，第 2/30 个帖子
2025-09-24 20:44:19,887 - __main__ - INFO - 正在抓取帖子详情: 坐标安徽刚进入9月底 423 充电一下掉到403正常吗...
2025-09-24 20:44:19,888 - __main__ - INFO - 正在加载页面: https://www.dongchedi.com/community/post/1844142213385291
2025-09-24 20:44:37,947 - __main__ - INFO - 成功抓取帖子，评论数: 0
2025-09-24 20:44:37,947 - __main__ - INFO - 成功保存帖子: 坐标安徽刚进入9月底 423 充电一下掉到403正常吗...
2025-09-24 20:44:39,959 - __main__ - INFO - 第 1 页，第 3/30 个帖子
2025-09-24 20:44:39,960 - __main__ - INFO - 正在抓取帖子详情: 特斯拉Y后轮标续续航不是593km吗？100%充电完成才435公里，这是什么情况？才73.4%我还没
2025-09-24 20:44:39,961 - __main__ - INFO - 正在加载页面: https://www.dongchedi.com/community/post/1844105682057419
2025-09-24 20:44:57,111 - __main__ - INFO - 成功抓取帖子，评论数: 0
2025-09-24 20:44:57,112 - __main__ - INFO - 成功保存帖子: 特斯拉Y后轮标续续航不是593km吗？100%充电完成才435公里，这是什么情况？才73.4%我还没
2025-09-24 20:44:59,596 - __main__ - INFO - 第 1 页，第 4/30 个帖子
2025-09-24 20:44:59,597 - __main__ - INFO - 正在抓取帖子详情: 新能源汽车冬季续航下降怎么办？...
2025-09-24 20:44:59,597 - __main__ - INFO - 正在加载页面: https://www.dongchedi.com/community/post/1844125996256521
2025-09-24 20:45:19,620 - __main__ - INFO - 成功抓取帖子，评论数: 0
2025-09-24 20:45:19,620 - __main__ - INFO - 成功保存帖子: 新能源汽车冬季续航下降怎么办？...
2025-09-24 20:45:20,908 - __main__ - INFO - 第 1 页，第 5/30 个帖子
2025-09-24 20:45:20,909 - __main__ - INFO - 正在抓取帖子详情: 新款还有电池和续航，底盘调教，后座靠背可调，这几样都是实实在在的。但是目前来说也确实比24年底那批绝
2025-09-24 20:45:20,909 - __main__ - INFO - 正在加载页面: https://www.dongchedi.com/community/post/1844080780193799
2025-09-24 20:45:37,527 - __main__ - INFO - 成功抓取帖子，评论数: 0
2025-09-24 20:45:37,527 - __main__ - INFO - 成功保存帖子: 新款还有电池和续航，底盘调教，后座靠背可调，这几样都是实实在在的。但是目前来说也确实比24年底那批绝
2025-09-24 20:45:39,148 - __main__ - INFO - 第 1 页，第 6/30 个帖子
2025-09-24 20:45:39,148 - __main__ - INFO - 正在抓取帖子详情: 换完到车刹车时会有响声，没换之前都没听见过？...
2025-09-24 20:45:39,149 - __main__ - INFO - 正在加载页面: https://www.dongchedi.com/community/post/1844080596586500
2025-09-24 20:45:59,388 - __main__ - INFO - 成功抓取帖子，评论数: 0
2025-09-24 20:45:59,388 - __main__ - INFO - 成功保存帖子: 换完到车刹车时会有响声，没换之前都没听见过？...
2025-09-24 20:46:02,064 - __main__ - INFO - 第 1 页，第 7/30 个帖子
2025-09-24 20:46:02,064 - __main__ - INFO - 正在抓取帖子详情: 3跟y现在就是差5w一个配置，新y还有个36w的性能版没出，yl如果出后驱版应该是29w，对不对？.
2025-09-24 20:46:02,065 - __main__ - INFO - 正在加载页面: https://www.dongchedi.com/community/post/1844080577416392
2025-09-24 20:46:18,132 - __main__ - INFO - 成功抓取帖子，评论数: 0
2025-09-24 20:46:18,132 - __main__ - INFO - 成功保存帖子: 3跟y现在就是差5w一个配置，新y还有个36w的性能版没出，yl如果出后驱版应该是29w，对不对？.
2025-09-24 20:46:20,986 - __main__ - INFO - 第 1 页，第 8/30 个帖子
2025-09-24 20:46:20,986 - __main__ - INFO - 正在抓取帖子详情: 1w公里去特斯拉中心前后轮胎互换要花多少钱呀...
2025-09-24 20:46:20,987 - __main__ - INFO - 正在加载页面: https://www.dongchedi.com/community/post/1844080525189257
2025-09-24 20:46:41,177 - __main__ - INFO - 成功抓取帖子，评论数: 0
2025-09-24 20:46:41,177 - __main__ - INFO - 成功保存帖子: 1w公里去特斯拉中心前后轮胎互换要花多少钱呀...
2025-09-24 20:46:43,369 - __main__ - INFO - 第 1 页，第 9/30 个帖子
2025-09-24 20:46:43,369 - __main__ - INFO - 正在抓取帖子详情: 焕新 Y 标续充满电实际能跑多少公里？...
2025-09-24 20:46:43,370 - __main__ - INFO - 正在加载页面: https://www.dongchedi.com/community/post/1844070782165195
2025-09-24 20:47:00,355 - __main__ - INFO - 成功抓取帖子，评论数: 0
2025-09-24 20:47:00,355 - __main__ - INFO - 成功保存帖子: 焕新 Y 标续充满电实际能跑多少公里？...
2025-09-24 20:47:03,026 - __main__ - INFO - 第 1 页，第 10/30 个帖子
2025-09-24 20:47:03,026 - __main__ - INFO - 正在抓取帖子详情: 想入手一台二手，最好是22年以后的，公里数10万，左右，以内都行，我是个人，自己用的哈...
2025-09-24 20:47:03,027 - __main__ - INFO - 正在加载页面: https://www.dongchedi.com/community/post/1844068569893896
2025-09-24 20:47:22,110 - __main__ - INFO - 成功抓取帖子，评论数: 0
2025-09-24 20:47:22,111 - __main__ - INFO - 成功保存帖子: 想入手一台二手，最好是22年以后的，公里数10万，左右，以内都行，我是个人，自己用的哈...
2025-09-24 20:47:22,111 - __main__ - INFO - 数据已保存到 output_backup_10.json，共 10 个帖子
2025-09-24 20:47:23,165 - __main__ - INFO - 第 1 页，第 11/30 个帖子
2025-09-24 20:47:23,166 - __main__ - INFO - 正在抓取帖子详情: 怎么可以把车子的主动刹车，变道预警啊什么的永久关掉，不要每次启动又给打开了。...
2025-09-24 20:47:23,166 - __main__ - INFO - 正在加载页面: https://www.dongchedi.com/community/post/1844048194108491
2025-09-24 20:47:40,067 - __main__ - INFO - 成功抓取帖子，评论数: 0
2025-09-24 20:47:40,067 - __main__ - INFO - 成功保存帖子: 怎么可以把车子的主动刹车，变道预警啊什么的永久关掉，不要每次启动又给打开了。...
2025-09-24 20:47:42,181 - __main__ - INFO - 第 1 页，第 12/30 个帖子
2025-09-24 20:47:42,181 - __main__ - INFO - 正在抓取帖子详情: model y 正常使用寿命是多久呀？...
2025-09-24 20:47:42,182 - __main__ - INFO - 正在加载页面: https://www.dongchedi.com/community/post/1837878461004867
2025-09-24 20:47:58,585 - __main__ - INFO - 成功抓取帖子，评论数: 0
2025-09-24 20:47:58,586 - __main__ - INFO - 成功保存帖子: model y 正常使用寿命是多久呀？...
2025-09-24 20:48:00,209 - __main__ - INFO - 第 1 页，第 13/30 个帖子
2025-09-24 20:48:00,210 - __main__ - INFO - 正在抓取帖子详情: 行驶过程中时不时来一句滴滴滴是什么意思？...
2025-09-24 20:48:00,210 - __main__ - INFO - 正在加载页面: https://www.dongchedi.com/community/post/1843745645686935
2025-09-24 20:48:16,068 - __main__ - INFO - 成功抓取帖子，评论数: 0
2025-09-24 20:48:16,069 - __main__ - INFO - 成功保存帖子: 行驶过程中时不时来一句滴滴滴是什么意思？...
2025-09-24 20:48:18,946 - __main__ - INFO - 第 1 页，第 14/30 个帖子
2025-09-24 20:48:18,947 - __main__ - INFO - 正在抓取帖子详情: 标续19寸轮毂 前后轮能直接 换275的胎嘛...
2025-09-24 20:48:18,947 - __main__ - INFO - 正在加载页面: https://www.dongchedi.com/community/post/1843976735734792
2025-09-24 20:48:34,889 - __main__ - INFO - 成功抓取帖子，评论数: 0
2025-09-24 20:48:34,889 - __main__ - INFO - 成功保存帖子: 标续19寸轮毂 前后轮能直接 换275的胎嘛...
2025-09-24 20:48:36,315 - __main__ - INFO - 第 1 页，第 15/30 个帖子
2025-09-24 20:48:36,316 - __main__ - INFO - 正在抓取帖子详情: 刚提车没几天，这个brake故障灯就亮了，400电话一直打不进去，有没有大神知道啥原因导致的？...
2025-09-24 20:48:36,317 - __main__ - INFO - 正在加载页面: https://www.dongchedi.com/community/post/1843956353506521
2025-09-24 20:48:52,583 - __main__ - INFO - 成功抓取帖子，评论数: 0
2025-09-24 20:48:52,584 - __main__ - INFO - 成功保存帖子: 刚提车没几天，这个brake故障灯就亮了，400电话一直打不进去，有没有大神知道啥原因导致的？...
2025-09-24 20:48:53,871 - __main__ - INFO - 第 1 页，第 16/30 个帖子
2025-09-24 20:48:53,872 - __main__ - INFO - 正在抓取帖子详情: 人生第一台车，24岁在上学，家里说给买台车，a4l和model y之间犹豫，也不追求速度 智能化什么
2025-09-24 20:48:53,872 - __main__ - INFO - 正在加载页面: https://www.dongchedi.com/community/post/1843945147576651
2025-09-24 20:49:11,075 - __main__ - INFO - 成功抓取帖子，评论数: 0
2025-09-24 20:49:11,075 - __main__ - INFO - 成功保存帖子: 人生第一台车，24岁在上学，家里说给买台车，a4l和model y之间犹豫，也不追求速度 智能化什么
2025-09-24 20:49:13,187 - __main__ - INFO - 第 1 页，第 17/30 个帖子
2025-09-24 20:49:13,188 - __main__ - INFO - 正在抓取帖子详情: 我在北京要买特斯拉Y上北京牌子，但是没有市补贴，但在有的外省市购车，有5-6千补助，想问下懂得人能抢
2025-09-24 20:49:13,188 - __main__ - INFO - 正在加载页面: https://www.dongchedi.com/community/post/1843923074843651
2025-09-24 20:49:29,521 - __main__ - INFO - 成功抓取帖子，评论数: 0
2025-09-24 20:49:29,521 - __main__ - INFO - 成功保存帖子: 我在北京要买特斯拉Y上北京牌子，但是没有市补贴，但在有的外省市购车，有5-6千补助，想问下懂得人能抢
2025-09-24 20:49:30,690 - __main__ - INFO - 第 1 页，第 18/30 个帖子
2025-09-24 20:49:30,691 - __main__ - INFO - 正在抓取帖子详情: 求一个，引荐码，非常感谢[机智]...
2025-09-24 20:49:30,691 - __main__ - INFO - 正在加载页面: https://www.dongchedi.com/community/post/1843790683202568
2025-09-24 20:49:47,972 - __main__ - INFO - 成功抓取帖子，评论数: 0
2025-09-24 20:49:47,972 - __main__ - INFO - 成功保存帖子: 求一个，引荐码，非常感谢[机智]...
2025-09-24 20:49:49,651 - __main__ - INFO - 第 1 页，第 19/30 个帖子
2025-09-24 20:49:49,652 - __main__ - INFO - 正在抓取帖子详情: 从电表到车位大概110米，如果选官方1299的特斯拉赛博充电桩，需要6还是10平方的线缆，每平米多少
2025-09-24 20:49:49,653 - __main__ - INFO - 正在加载页面: https://www.dongchedi.com/community/post/1843878665598980
2025-09-24 20:50:09,182 - __main__ - INFO - 成功抓取帖子，评论数: 0
2025-09-24 20:50:09,183 - __main__ - INFO - 成功保存帖子: 从电表到车位大概110米，如果选官方1299的特斯拉赛博充电桩，需要6还是10平方的线缆，每平米多少
2025-09-24 20:50:10,578 - __main__ - INFO - 第 1 页，第 20/30 个帖子
2025-09-24 20:50:10,579 - __main__ - INFO - 正在抓取帖子详情: 今天下定了model Y， 国庆节去广州科学城提车，请问哪里买保险比较好啊...
2025-09-24 20:50:10,579 - __main__ - INFO - 正在加载页面: https://www.dongchedi.com/community/post/1843877421086856
2025-09-24 20:50:28,771 - __main__ - INFO - 成功抓取帖子，评论数: 0
2025-09-24 20:50:28,771 - __main__ - INFO - 成功保存帖子: 今天下定了model Y， 国庆节去广州科学城提车，请问哪里买保险比较好啊...
2025-09-24 20:50:28,773 - __main__ - INFO - 数据已保存到 output_backup_20.json，共 20 个帖子
2025-09-24 20:50:31,366 - __main__ - INFO - 第 1 页，第 21/30 个帖子
2025-09-24 20:50:31,366 - __main__ - INFO - 正在抓取帖子详情: 有人把标续的后台从255换到275嘛 续航掉多少撒...
2025-09-24 20:50:31,366 - __main__ - INFO - 正在加载页面: https://www.dongchedi.com/community/post/1843862045119497
2025-09-24 20:50:48,162 - __main__ - INFO - 成功抓取帖子，评论数: 0
2025-09-24 20:50:48,162 - __main__ - INFO - 成功保存帖子: 有人把标续的后台从255换到275嘛 续航掉多少撒...
2025-09-24 20:50:50,782 - __main__ - INFO - 第 1 页，第 22/30 个帖子
2025-09-24 20:50:50,783 - __main__ - INFO - 正在抓取帖子详情: 买车的我可以引荐...
2025-09-24 20:50:50,784 - __main__ - INFO - 正在加载页面: https://www.dongchedi.com/community/post/1843841742238792
2025-09-24 20:51:08,579 - __main__ - INFO - 成功抓取帖子，评论数: 0
2025-09-24 20:51:08,580 - __main__ - INFO - 成功保存帖子: 买车的我可以引荐...
2025-09-24 20:51:09,594 - __main__ - INFO - 第 1 页，第 23/30 个帖子
2025-09-24 20:51:09,595 - __main__ - INFO - 正在抓取帖子详情: 喜欢露营，请问买什么外放转接头？...
2025-09-24 20:51:09,596 - __main__ - INFO - 正在加载页面: https://www.dongchedi.com/community/post/1843840499825929
2025-09-24 20:51:27,398 - __main__ - INFO - 成功抓取帖子，评论数: 0
2025-09-24 20:51:27,398 - __main__ - INFO - 成功保存帖子: 喜欢露营，请问买什么外放转接头？...
2025-09-24 20:51:29,875 - __main__ - INFO - 第 1 页，第 24/30 个帖子
2025-09-24 20:51:29,876 - __main__ - INFO - 正在抓取帖子详情: 最近打算入手一辆25-30万的新能源SUV，挑花眼了，大家帮我投投票！ 1.	理想L6 Pro：售价
2025-09-24 20:51:29,877 - __main__ - INFO - 正在加载页面: https://www.dongchedi.com/community/post/1843829921453065
2025-09-24 20:51:45,079 - __main__ - INFO - 成功抓取帖子，评论数: 0
2025-09-24 20:51:45,079 - __main__ - INFO - 成功保存帖子: 最近打算入手一辆25-30万的新能源SUV，挑花眼了，大家帮我投投票！ 1.	理想L6 Pro：售价
2025-09-24 20:51:46,907 - __main__ - INFO - 第 1 页，第 25/30 个帖子
2025-09-24 20:51:46,907 - __main__ - INFO - 正在抓取帖子详情: 焕新Y首发版的续航和改款后得表显续航一样吗 想入手1台2手焕新Y长续航首发版，又再意续航...
2025-09-24 20:51:46,908 - __main__ - INFO - 正在加载页面: https://www.dongchedi.com/community/post/1843603919535115
2025-09-24 20:52:03,865 - __main__ - INFO - 成功抓取帖子，评论数: 0
2025-09-24 20:52:03,865 - __main__ - INFO - 成功保存帖子: 焕新Y首发版的续航和改款后得表显续航一样吗 想入手1台2手焕新Y长续航首发版，又再意续航...
2025-09-24 20:52:05,439 - __main__ - INFO - 第 1 页，第 26/30 个帖子
2025-09-24 20:52:05,439 - __main__ - INFO - 正在抓取帖子详情: 要结婚了 自己有辆油车，想问一下家里一台电车一台油车的兄弟，我一年要跑一万三四千公里还是省着开的情况
2025-09-24 20:52:05,439 - __main__ - INFO - 正在加载页面: https://www.dongchedi.com/community/post/1843599708376138
2025-09-24 20:52:23,727 - __main__ - INFO - 成功抓取帖子，评论数: 0
2025-09-24 20:52:23,728 - __main__ - INFO - 成功保存帖子: 要结婚了 自己有辆油车，想问一下家里一台电车一台油车的兄弟，我一年要跑一万三四千公里还是省着开的情况
2025-09-24 20:52:25,649 - __main__ - INFO - 第 1 页，第 27/30 个帖子
2025-09-24 20:52:25,650 - __main__ - INFO - 正在抓取帖子详情: 这个销量榜，model Y的销量包含YL吗？...
2025-09-24 20:52:25,650 - __main__ - INFO - 正在加载页面: https://www.dongchedi.com/community/post/1843589576049736
2025-09-24 20:52:43,480 - __main__ - INFO - 成功抓取帖子，评论数: 0
2025-09-24 20:52:43,480 - __main__ - INFO - 成功保存帖子: 这个销量榜，model Y的销量包含YL吗？...
2025-09-24 20:52:45,587 - __main__ - INFO - 第 1 页，第 28/30 个帖子
2025-09-24 20:52:45,587 - __main__ - INFO - 正在抓取帖子详情: 想问一下 出来mode YL，mode y今年会改款吗？[打脸]...
2025-09-24 20:52:45,587 - __main__ - INFO - 正在加载页面: https://www.dongchedi.com/community/post/1843586279113731
2025-09-24 20:53:00,271 - __main__ - INFO - 成功抓取帖子，评论数: 0
2025-09-24 20:53:00,271 - __main__ - INFO - 成功保存帖子: 想问一下 出来mode YL，mode y今年会改款吗？[打脸]...
2025-09-24 20:53:03,115 - __main__ - INFO - 第 1 页，第 29/30 个帖子
2025-09-24 20:53:03,116 - __main__ - INFO - 正在抓取帖子详情: 一直在等长续航降价，但是感觉今年 modelY 降价的可能性很低了，这周销量又 9000+，每个月稳
2025-09-24 20:53:03,116 - __main__ - INFO - 正在加载页面: https://www.dongchedi.com/community/post/1843583621210308
2025-09-24 20:53:20,181 - __main__ - INFO - 成功抓取帖子，评论数: 0
2025-09-24 20:53:20,181 - __main__ - INFO - 成功保存帖子: 一直在等长续航降价，但是感觉今年 modelY 降价的可能性很低了，这周销量又 9000+，每个月稳
2025-09-24 20:53:22,185 - __main__ - INFO - 第 1 页，第 30/30 个帖子
2025-09-24 20:53:22,186 - __main__ - INFO - 正在抓取帖子详情: 车友们，焕新Y，后轮驱动版本，前天刚到车，充满电表显里程可以跑408㎞，懂车帝充满电官方596km，
2025-09-24 20:53:22,186 - __main__ - INFO - 正在加载页面: https://www.dongchedi.com/community/post/1843468107371657
2025-09-24 20:53:40,692 - __main__ - INFO - 成功抓取帖子，评论数: 0
2025-09-24 20:53:40,692 - __main__ - INFO - 成功保存帖子: 车友们，焕新Y，后轮驱动版本，前天刚到车，充满电表显里程可以跑408㎞，懂车帝充满电官方596km，
2025-09-24 20:53:40,692 - __main__ - INFO - 数据已保存到 output_backup_30.json，共 30 个帖子
2025-09-24 20:53:42,289 - __main__ - INFO - 正在加载页面: https://www.dongchedi.com/community/post/1843468107371657?page=2
2025-09-24 20:53:51,164 - __main__ - INFO - 通过URL导航到第2页
2025-09-24 20:53:53,571 - __main__ - INFO - 正在抓取第 2 页
2025-09-24 20:54:03,717 - __main__ - WARNING - 等待帖子列表加载超时，尝试从JSON数据中提取
2025-09-24 20:54:03,719 - __main__ - INFO - 从当前页面提取到 0 个帖子
2025-09-24 20:54:03,719 - __main__ - WARNING - 第 2 页没有找到帖子
2025-09-24 20:54:03,720 - __main__ - INFO - 抓取完成，共获取 30 个帖子
2025-09-24 20:54:03,720 - __main__ - INFO - 数据已保存到 output.json，共 30 个帖子
2025-09-24 20:54:03,720 - __main__ - INFO - ==================================================
2025-09-24 20:54:03,720 - __main__ - INFO - 抓取报告
2025-09-24 20:54:03,720 - __main__ - INFO - ==================================================
2025-09-24 20:54:03,721 - __main__ - INFO - 抓取时间: 2025-09-24 20:54:03
2025-09-24 20:54:03,721 - __main__ - INFO - 总帖子数: 30
2025-09-24 20:54:03,721 - __main__ - INFO - 总评论数: 0
2025-09-24 20:54:03,721 - __main__ - INFO - 平均每帖评论数: 0.0
2025-09-24 20:54:03,721 - __main__ - INFO - ==================================================
2025-09-24 20:54:05,894 - __main__ - INFO - 浏览器已关闭
